C:\USERS\LUISALEJANDRO\DOCUMENTS\VISUAL STUDIO 2012\PROJECTS\STVR\STVR\DEBUG\CAMERAMGR.OBJ
C:\USERS\LUISALEJANDRO\DOCUMENTS\VISUAL STUDIO 2012\PROJECTS\STVR\STVR\DEBUG\INPUTHMD.OBJ
C:\USERS\LUISALEJANDRO\DOCUMENTS\VISUAL STUDIO 2012\PROJECTS\STVR\STVR\DEBUG\IRRLICHTMGR.OBJ
C:\USERS\LUISALEJANDRO\DOCUMENTS\VISUAL STUDIO 2012\PROJECTS\STVR\STVR\DEBUG\IWEAR_TRACKING.OBJ
C:\USERS\LUISALEJANDRO\DOCUMENTS\VISUAL STUDIO 2012\PROJECTS\STVR\STVR\DEBUG\MAIN.OBJ
C:\USERS\LUISALEJANDRO\DOCUMENTS\VISUAL STUDIO 2012\PROJECTS\STVR\STVR\DEBUG\MESSAGE.OBJ
C:\USERS\LUISALEJANDRO\DOCUMENTS\VISUAL STUDIO 2012\PROJECTS\STVR\STVR\DEBUG\MODELMGR.OBJ
C:\USERS\LUISALEJANDRO\DOCUMENTS\VISUAL STUDIO 2012\PROJECTS\STVR\STVR\DEBUG\NETWORKMGR.OBJ
C:\USERS\LUISALEJANDRO\DOCUMENTS\VISUAL STUDIO 2012\PROJECTS\STVR\STVR\DEBUG\STANDARD.OBJ
C:\USERS\LUISALEJANDRO\DOCUMENTS\VISUAL STUDIO 2012\PROJECTS\STVR\STVR\DEBUG\VC110.PDB
C:\USERS\LUISALEJANDRO\DOCUMENTS\VISUAL STUDIO 2012\PROJECTS\STVR\DEBUG\STVR.ILK
C:\USERS\LUISALEJANDRO\DOCUMENTS\VISUAL STUDIO 2012\PROJECTS\STVR\DEBUG\STVR.EXE
C:\USERS\LUISALEJANDRO\DOCUMENTS\VISUAL STUDIO 2012\PROJECTS\STVR\DEBUG\STVR.PDB
C:\Users\luisalejandro\Documents\Visual Studio 2012\Projects\STVR\STVR\Debug\CameraMgr.obj
C:\Users\luisalejandro\Documents\Visual Studio 2012\Projects\STVR\STVR\Debug\InputHMD.obj
C:\Users\luisalejandro\Documents\Visual Studio 2012\Projects\STVR\STVR\Debug\IrrlichtMgr.obj
C:\Users\luisalejandro\Documents\Visual Studio 2012\Projects\STVR\STVR\Debug\IWear_Tracking.obj
C:\Users\luisalejandro\Documents\Visual Studio 2012\Projects\STVR\STVR\Debug\main.obj
C:\Users\luisalejandro\Documents\Visual Studio 2012\Projects\STVR\STVR\Debug\message.obj
C:\Users\luisalejandro\Documents\Visual Studio 2012\Projects\STVR\STVR\Debug\ModelMgr.obj
C:\Users\luisalejandro\Documents\Visual Studio 2012\Projects\STVR\STVR\Debug\NetworkMgr.obj
C:\Users\luisalejandro\Documents\Visual Studio 2012\Projects\STVR\STVR\Debug\Standard.obj
C:\Users\luisalejandro\Documents\Visual Studio 2012\Projects\STVR\STVR\Debug\cl.command.1.tlog
C:\Users\luisalejandro\Documents\Visual Studio 2012\Projects\STVR\STVR\Debug\CL.read.1.tlog
C:\Users\luisalejandro\Documents\Visual Studio 2012\Projects\STVR\STVR\Debug\CL.write.1.tlog
C:\Users\luisalejandro\Documents\Visual Studio 2012\Projects\STVR\STVR\Debug\link-cvtres.read.1.tlog
C:\Users\luisalejandro\Documents\Visual Studio 2012\Projects\STVR\STVR\Debug\link-cvtres.write.1.tlog
C:\Users\luisalejandro\Documents\Visual Studio 2012\Projects\STVR\STVR\Debug\link-rc.read.1.tlog
C:\Users\luisalejandro\Documents\Visual Studio 2012\Projects\STVR\STVR\Debug\link-rc.write.1.tlog
C:\Users\luisalejandro\Documents\Visual Studio 2012\Projects\STVR\STVR\Debug\link.command.1.tlog
C:\Users\luisalejandro\Documents\Visual Studio 2012\Projects\STVR\STVR\Debug\link.read.1.tlog
C:\Users\luisalejandro\Documents\Visual Studio 2012\Projects\STVR\STVR\Debug\link.write.1.tlog
C:\Users\luisalejandro\Documents\Visual Studio 2012\Projects\STVR\STVR\Debug\vc110.idb
C:\Users\luisalejandro\Documents\Visual Studio 2012\Projects\STVR\STVR\Debug\vc110.pdb
C:\Users\luisalejandro\Documents\Visual Studio 2012\Projects\STVR\Debug\STVR.pdb
C:\Users\luisalejandro\Documents\Visual Studio 2012\Projects\STVR\Debug\STVR.exe
C:\Users\luisalejandro\Documents\Visual Studio 2012\Projects\STVR\Debug\STVR.ilk
